mode: set
github.com/james-martinez/fleeting-vsphere/main.go:49.135,50.36 1 0
github.com/james-martinez/fleeting-vsphere/main.go:50.36,52.3 1 0
github.com/james-martinez/fleeting-vsphere/main.go:53.2,53.24 1 0
github.com/james-martinez/fleeting-vsphere/main.go:53.24,55.3 1 0
github.com/james-martinez/fleeting-vsphere/main.go:56.2,56.22 1 0
github.com/james-martinez/fleeting-vsphere/main.go:56.22,58.3 1 0
github.com/james-martinez/fleeting-vsphere/main.go:59.2,59.20 1 0
github.com/james-martinez/fleeting-vsphere/main.go:59.20,61.3 1 0
github.com/james-martinez/fleeting-vsphere/main.go:62.2,62.20 1 0
github.com/james-martinez/fleeting-vsphere/main.go:62.20,64.3 1 0
github.com/james-martinez/fleeting-vsphere/main.go:65.2,65.24 1 0
github.com/james-martinez/fleeting-vsphere/main.go:65.24,67.3 1 0
github.com/james-martinez/fleeting-vsphere/main.go:68.2,68.24 1 0
github.com/james-martinez/fleeting-vsphere/main.go:68.24,70.3 1 0
github.com/james-martinez/fleeting-vsphere/main.go:71.2,71.18 1 0
github.com/james-martinez/fleeting-vsphere/main.go:71.18,73.3 1 0
github.com/james-martinez/fleeting-vsphere/main.go:74.2,74.21 1 0
github.com/james-martinez/fleeting-vsphere/main.go:74.21,76.3 1 0
github.com/james-martinez/fleeting-vsphere/main.go:77.2,77.26 1 0
github.com/james-martinez/fleeting-vsphere/main.go:77.26,79.3 1 0
github.com/james-martinez/fleeting-vsphere/main.go:80.2,80.23 1 0
github.com/james-martinez/fleeting-vsphere/main.go:80.23,82.3 1 0
github.com/james-martinez/fleeting-vsphere/main.go:83.2,83.28 1 0
github.com/james-martinez/fleeting-vsphere/main.go:83.28,85.3 1 0
github.com/james-martinez/fleeting-vsphere/main.go:86.2,86.21 1 0
github.com/james-martinez/fleeting-vsphere/main.go:86.21,88.3 1 0
github.com/james-martinez/fleeting-vsphere/main.go:89.2,89.17 1 0
github.com/james-martinez/fleeting-vsphere/main.go:89.17,91.3 1 0
github.com/james-martinez/fleeting-vsphere/main.go:92.2,92.20 1 0
github.com/james-martinez/fleeting-vsphere/main.go:92.20,94.3 1 0
github.com/james-martinez/fleeting-vsphere/main.go:95.2,96.16 2 0
github.com/james-martinez/fleeting-vsphere/main.go:96.16,98.3 1 0
github.com/james-martinez/fleeting-vsphere/main.go:100.2,101.16 2 0
github.com/james-martinez/fleeting-vsphere/main.go:101.16,103.3 1 0
github.com/james-martinez/fleeting-vsphere/main.go:105.2,106.19 2 0
github.com/james-martinez/fleeting-vsphere/main.go:106.19,108.3 1 0
github.com/james-martinez/fleeting-vsphere/main.go:110.2,111.21 2 0
github.com/james-martinez/fleeting-vsphere/main.go:111.21,113.3 1 0
github.com/james-martinez/fleeting-vsphere/main.go:115.2,121.8 2 0
github.com/james-martinez/fleeting-vsphere/main.go:124.111,126.21 1 1
github.com/james-martinez/fleeting-vsphere/main.go:126.21,128.3 1 1
github.com/james-martinez/fleeting-vsphere/main.go:130.2,134.16 3 0
github.com/james-martinez/fleeting-vsphere/main.go:134.16,136.3 1 0
github.com/james-martinez/fleeting-vsphere/main.go:138.2,140.16 3 0
github.com/james-martinez/fleeting-vsphere/main.go:140.16,142.3 1 0
github.com/james-martinez/fleeting-vsphere/main.go:144.2,144.44 1 0
github.com/james-martinez/fleeting-vsphere/main.go:144.44,145.35 1 0
github.com/james-martinez/fleeting-vsphere/main.go:145.35,149.18 4 0
github.com/james-martinez/fleeting-vsphere/main.go:149.18,151.5 1 0
github.com/james-martinez/fleeting-vsphere/main.go:153.4,153.48 1 0
github.com/james-martinez/fleeting-vsphere/main.go:153.48,156.5 2 0
github.com/james-martinez/fleeting-vsphere/main.go:159.2,159.12 1 0
github.com/james-martinez/fleeting-vsphere/main.go:162.79,164.21 1 1
github.com/james-martinez/fleeting-vsphere/main.go:164.21,166.3 1 1
github.com/james-martinez/fleeting-vsphere/main.go:168.2,182.34 10 0
github.com/james-martinez/fleeting-vsphere/main.go:182.34,184.18 2 0
github.com/james-martinez/fleeting-vsphere/main.go:184.18,188.4 2 0
github.com/james-martinez/fleeting-vsphere/main.go:191.2,193.15 2 0
github.com/james-martinez/fleeting-vsphere/main.go:196.97,198.21 1 1
github.com/james-martinez/fleeting-vsphere/main.go:198.21,200.3 1 1
github.com/james-martinez/fleeting-vsphere/main.go:202.2,204.78 2 0
github.com/james-martinez/fleeting-vsphere/main.go:204.78,206.3 1 0
github.com/james-martinez/fleeting-vsphere/main.go:206.9,207.3 0 0
github.com/james-martinez/fleeting-vsphere/main.go:208.2,208.23 1 0
github.com/james-martinez/fleeting-vsphere/main.go:211.109,213.21 1 1
github.com/james-martinez/fleeting-vsphere/main.go:213.21,220.3 1 1
github.com/james-martinez/fleeting-vsphere/main.go:222.2,226.16 4 0
github.com/james-martinez/fleeting-vsphere/main.go:226.16,228.3 1 0
github.com/james-martinez/fleeting-vsphere/main.go:230.2,232.16 3 0
github.com/james-martinez/fleeting-vsphere/main.go:232.16,234.3 1 0
github.com/james-martinez/fleeting-vsphere/main.go:236.2,238.27 3 0
github.com/james-martinez/fleeting-vsphere/main.go:238.27,239.15 1 0
github.com/james-martinez/fleeting-vsphere/main.go:239.15,240.9 1 0
github.com/james-martinez/fleeting-vsphere/main.go:243.3,243.39 1 0
github.com/james-martinez/fleeting-vsphere/main.go:243.39,244.12 1 0
github.com/james-martinez/fleeting-vsphere/main.go:246.3,246.26 1 0
github.com/james-martinez/fleeting-vsphere/main.go:246.26,247.12 1 0
github.com/james-martinez/fleeting-vsphere/main.go:250.3,250.38 1 0
github.com/james-martinez/fleeting-vsphere/main.go:250.38,251.38 1 0
github.com/james-martinez/fleeting-vsphere/main.go:251.38,252.13 1 0
github.com/james-martinez/fleeting-vsphere/main.go:255.4,256.9 2 0
github.com/james-martinez/fleeting-vsphere/main.go:260.2,260.14 1 0
github.com/james-martinez/fleeting-vsphere/main.go:260.14,262.3 1 0
github.com/james-martinez/fleeting-vsphere/main.go:264.2,271.8 2 0
github.com/james-martinez/fleeting-vsphere/main.go:274.65,277.2 1 0
github.com/james-martinez/fleeting-vsphere/main.go:283.29,287.46 3 0
github.com/james-martinez/fleeting-vsphere/main.go:288.22,291.17 2 0
github.com/james-martinez/fleeting-vsphere/main.go:291.17,293.4 1 0
github.com/james-martinez/fleeting-vsphere/main.go:294.15,297.17 2 0
github.com/james-martinez/fleeting-vsphere/main.go:297.17,299.4 1 0
github.com/james-martinez/fleeting-vsphere/main.go:300.41,303.17 2 0
github.com/james-martinez/fleeting-vsphere/main.go:303.17,305.4 1 0
github.com/james-martinez/fleeting-vsphere/main.go:306.10,307.55 1 0
github.com/james-martinez/fleeting-vsphere/main.go:311.121,312.33 1 0
github.com/james-martinez/fleeting-vsphere/main.go:312.33,315.17 3 0
github.com/james-martinez/fleeting-vsphere/main.go:315.17,317.4 1 0
github.com/james-martinez/fleeting-vsphere/main.go:319.3,320.17 2 0
github.com/james-martinez/fleeting-vsphere/main.go:320.17,322.4 1 0
github.com/james-martinez/fleeting-vsphere/main.go:324.3,324.40 1 0
github.com/james-martinez/fleeting-vsphere/main.go:324.40,326.4 1 0
github.com/james-martinez/fleeting-vsphere/main.go:328.3,329.17 2 0
github.com/james-martinez/fleeting-vsphere/main.go:329.17,331.4 1 0
github.com/james-martinez/fleeting-vsphere/main.go:333.3,333.40 1 0
github.com/james-martinez/fleeting-vsphere/main.go:333.40,335.4 1 0
github.com/james-martinez/fleeting-vsphere/main.go:338.2,338.12 1 0
github.com/james-martinez/fleeting-vsphere/main.go:344.69,361.16 4 0
github.com/james-martinez/fleeting-vsphere/main.go:361.16,363.3 1 0
github.com/james-martinez/fleeting-vsphere/main.go:366.2,368.16 3 0
github.com/james-martinez/fleeting-vsphere/main.go:368.16,370.3 1 0
github.com/james-martinez/fleeting-vsphere/main.go:372.2,373.12 2 0
github.com/james-martinez/fleeting-vsphere/main.go:379.69,383.16 2 0
github.com/james-martinez/fleeting-vsphere/main.go:383.16,385.3 1 0
github.com/james-martinez/fleeting-vsphere/main.go:387.2,388.16 2 0
github.com/james-martinez/fleeting-vsphere/main.go:388.16,390.3 1 0
github.com/james-martinez/fleeting-vsphere/main.go:393.2,394.16 2 0
github.com/james-martinez/fleeting-vsphere/main.go:394.16,396.3 1 0
github.com/james-martinez/fleeting-vsphere/main.go:398.2,399.16 2 0
github.com/james-martinez/fleeting-vsphere/main.go:399.16,401.3 1 0
github.com/james-martinez/fleeting-vsphere/main.go:404.2,428.16 6 0
github.com/james-martinez/fleeting-vsphere/main.go:428.16,430.3 1 0
github.com/james-martinez/fleeting-vsphere/main.go:433.2,434.16 2 0
github.com/james-martinez/fleeting-vsphere/main.go:434.16,436.3 1 0
github.com/james-martinez/fleeting-vsphere/main.go:438.2,439.12 2 0
github.com/james-martinez/fleeting-vsphere/main.go:445.90,450.16 2 0
github.com/james-martinez/fleeting-vsphere/main.go:450.16,452.3 1 0
github.com/james-martinez/fleeting-vsphere/main.go:455.2,456.16 2 0
github.com/james-martinez/fleeting-vsphere/main.go:456.16,458.3 1 0
github.com/james-martinez/fleeting-vsphere/main.go:460.2,461.16 2 0
github.com/james-martinez/fleeting-vsphere/main.go:461.16,463.3 1 0
github.com/james-martinez/fleeting-vsphere/main.go:466.2,467.16 2 0
github.com/james-martinez/fleeting-vsphere/main.go:467.16,469.3 1 0
github.com/james-martinez/fleeting-vsphere/main.go:471.2,472.16 2 0
github.com/james-martinez/fleeting-vsphere/main.go:472.16,474.3 1 0
github.com/james-martinez/fleeting-vsphere/main.go:477.2,501.16 6 0
github.com/james-martinez/fleeting-vsphere/main.go:501.16,503.3 1 0
github.com/james-martinez/fleeting-vsphere/main.go:506.2,507.16 2 0
github.com/james-martinez/fleeting-vsphere/main.go:507.16,509.3 1 0
github.com/james-martinez/fleeting-vsphere/main.go:511.2,512.12 2 0
github.com/james-martinez/fleeting-vsphere/main.go:515.58,516.42 1 0
github.com/james-martinez/fleeting-vsphere/main.go:516.42,518.3 1 0
github.com/james-martinez/fleeting-vsphere/main.go:520.2,521.35 2 0
github.com/james-martinez/fleeting-vsphere/main.go:521.35,522.15 1 0
github.com/james-martinez/fleeting-vsphere/main.go:522.15,523.9 1 0
github.com/james-martinez/fleeting-vsphere/main.go:526.3,526.39 1 0
github.com/james-martinez/fleeting-vsphere/main.go:526.39,527.12 1 0
github.com/james-martinez/fleeting-vsphere/main.go:529.3,529.26 1 0
github.com/james-martinez/fleeting-vsphere/main.go:529.26,530.12 1 0
github.com/james-martinez/fleeting-vsphere/main.go:533.3,533.38 1 0
github.com/james-martinez/fleeting-vsphere/main.go:533.38,534.38 1 0
github.com/james-martinez/fleeting-vsphere/main.go:534.38,535.13 1 0
github.com/james-martinez/fleeting-vsphere/main.go:538.4,539.9 2 0
github.com/james-martinez/fleeting-vsphere/main.go:543.2,543.14 1 0
github.com/james-martinez/fleeting-vsphere/main.go:543.14,545.3 1 0
github.com/james-martinez/fleeting-vsphere/main.go:547.2,547.30 1 0
github.com/james-martinez/fleeting-vsphere/main.go:550.13,552.2 1 0
